<?xml version="1.0" encoding="UTF-8"?>
<!-- Generated by org.testng.reporters.JUnitReportReporter -->
<testsuite hostname="LAPTOP-7D68NT7T" failures="0" tests="1" name="may28.PropertyFile" time="0.684" errors="0" timestamp="2023-05-28T14:38:44 IST" skipped="0">
  <testcase classname="may28.PropertyFile" name="login" time="0.684"/>
  <system-out>
    <![CDATA[Title is Not Matching::Dashboard « Stock Accounting   Users « Stock Accounting]]>
  </system-out>
</testsuite> <!-- may28.PropertyFile -->
