<?xml version="1.0" encoding="UTF-8"?>
<!-- Generated by org.testng.reporters.JUnitReportReporter -->
<testsuite hostname="LAPTOP-7D68NT7T" failures="0" tests="2" name="may28.AdvanceReports" time="13.339" errors="0" timestamp="2023-05-29T08:39:58 IST" skipped="0">
  <testcase classname="may28.AdvanceReports" name="failTest" time="7.535"/>
  <system-out/>
  <testcase classname="may28.AdvanceReports" name="passTest" time="5.804"/>
  <system-out/>
</testsuite> <!-- may28.AdvanceReports -->
